"2024-10-14 00:31:19,674 INFO  [restartedMain] com.karataspartners.legal_analysis.LegalAnalysisApplication:Starting LegalAnalysisApplication using Java 21.0.2 with PID 43248 (C:\Users\suleyman\Downloads\legal-analysis-backend\legality-main\target\classes started by suleyman in C:\Users\suleyman\Downloads\legal-analysis-backend\legality-main)
""2024-10-14 00:31:19,697 INFO  [restartedMain] com.karataspartners.legal_analysis.LegalAnalysisApplication:No active profile set, falling back to 1 default profile: "default"
""2024-10-14 00:31:19,833 INFO  [restartedMain] org.springframework.boot.devtools.env.DevToolsPropertyDefaultsPostProcessor:Devtools property defaults active! Set 'spring.devtools.add-properties' to 'false' to disable
""2024-10-14 00:31:19,834 INFO  [restartedMain] org.springframework.boot.devtools.env.DevToolsPropertyDefaultsPostProcessor:For additional web related logging consider setting the 'logging.level.web' property to 'DEBUG'
""2024-10-14 00:31:21,626 INFO  [restartedMain] org.springframework.data.repository.config.RepositoryConfigurationDelegate:Bootstrapping Spring Data JPA repositories in DEFAULT mode.
""2024-10-14 00:31:21,669 INFO  [restartedMain] org.springframework.data.repository.config.RepositoryConfigurationDelegate:Finished Spring Data repository scanning in 26 ms. Found 0 JPA repository interfaces.
""2024-10-14 00:31:22,724 INFO  [restartedMain] org.springframework.boot.web.embedded.tomcat.TomcatWebServer:Tomcat initialized with port 8080 (http)
""2024-10-14 00:31:22,746 INFO  [restartedMain] org.apache.catalina.core.StandardService:Starting service [Tomcat]
""2024-10-14 00:31:22,746 INFO  [restartedMain] org.apache.catalina.core.StandardEngine:Starting Servlet engine: [Apache Tomcat/10.1.30]
""2024-10-14 00:31:22,833 INFO  [restartedMain] org.apache.catalina.core.ContainerBase.[Tomcat].[localhost].[/]:Initializing Spring embedded WebApplicationContext
""2024-10-14 00:31:22,833 INFO  [restartedMain] org.springframework.boot.web.servlet.context.ServletWebServerApplicationContext:Root WebApplicationContext: initialization completed in 2998 ms
""2024-10-14 00:31:23,114 INFO  [restartedMain] org.hibernate.jpa.internal.util.LogHelper:HHH000204: Processing PersistenceUnitInfo [name: default]
""2024-10-14 00:31:23,234 INFO  [restartedMain] org.hibernate.Version:HHH000412: Hibernate ORM core version 6.4.10.Final
""2024-10-14 00:31:23,295 INFO  [restartedMain] org.hibernate.cache.internal.RegionFactoryInitiator:HHH000026: Second-level cache disabled
""2024-10-14 00:31:23,671 INFO  [restartedMain] org.springframework.orm.jpa.persistenceunit.SpringPersistenceUnitInfo:No LoadTimeWeaver setup: ignoring JPA class transformer
""2024-10-14 00:31:23,719 INFO  [restartedMain] com.zaxxer.hikari.HikariDataSource:HikariPool-1 - Starting...
""2024-10-14 00:31:24,156 INFO  [restartedMain] com.zaxxer.hikari.pool.HikariPool:HikariPool-1 - Added connection org.postgresql.jdbc.PgConnection@702d0ab3
""2024-10-14 00:31:24,158 INFO  [restartedMain] com.zaxxer.hikari.HikariDataSource:HikariPool-1 - Start completed.
""2024-10-14 00:31:24,219 WARN  [restartedMain] org.hibernate.orm.deprecation:HHH90000025: PostgreSQLDialect does not need to be specified explicitly using 'hibernate.dialect' (remove the property setting and it will be selected by default)
""2024-10-14 00:31:24,769 INFO  [restartedMain] org.hibernate.engine.transaction.jta.platform.internal.JtaPlatformInitiator:HHH000489: No JTA platform available (set 'hibernate.transaction.jta.platform' to enable JTA platform integration)
""2024-10-14 00:31:24,778 INFO  [restartedMain] org.springframework.orm.jpa.LocalContainerEntityManagerFactoryBean:Initialized JPA EntityManagerFactory for persistence unit 'default'
""2024-10-14 00:31:24,926 WARN  [restartedMain] org.springframework.boot.autoconfigure.orm.jpa.JpaBaseConfiguration$JpaWebConfiguration:spring.jpa.open-in-view is enabled by default. Therefore, database queries may be performed during view rendering. Explicitly configure spring.jpa.open-in-view to disable this warning
""2024-10-14 00:31:26,240 INFO  [restartedMain] org.springframework.boot.devtools.autoconfigure.OptionalLiveReloadServer:LiveReload server is running on port 35729
""2024-10-14 00:31:26,428 INFO  [restartedMain] org.springframework.boot.web.embedded.tomcat.TomcatWebServer:Tomcat started on port 8080 (http) with context path ''
""2024-10-14 00:31:26,459 INFO  [restartedMain] com.karataspartners.legal_analysis.LegalAnalysisApplication:Started LegalAnalysisApplication in 7.654 seconds (process running for 8.634)
""2024-10-14 00:31:33,117 INFO  [http-nio-8080-exec-1] org.apache.catalina.core.ContainerBase.[Tomcat].[localhost].[/]:Initializing Spring DispatcherServlet 'dispatcherServlet'
"